MyProject/Library/Bee/Android/Prj/IL2CPP/Gradle/launcher/build/intermediates/manifest_merge_blame_file/debug/manifest-merger-blame-debug-report.txt
1<?xml version="1.0" encoding="utf-8"?>
2<manifest xmlns:android="http://schemas.android.com/apk/res/android"
3    package="com.DefaultCompany.PrintingSample"
4    android:installLocation="preferExternal"
5    android:versionCode="1"
6    android:versionName="0.1" >
7
8    <uses-sdk
9        android:minSdkVersion="26"
9-->src\main\AndroidManifest.xml
10        android:targetSdkVersion="30" />
10-->src\main\AndroidManifest.xml
11
12    <supports-screens
12-->src\main\AndroidManifest.xml:3:3-163
13        android:anyDensity="true"
13-->src\main\AndroidManifest.xml:3:135-160
14        android:largeScreens="true"
14-->src\main\AndroidManifest.xml:3:78-105
15        android:normalScreens="true"
15-->src\main\AndroidManifest.xml:3:49-77
16        android:smallScreens="true"
16-->src\main\AndroidManifest.xml:3:21-48
17        android:xlargeScreens="true" />
17-->src\main\AndroidManifest.xml:3:106-134
18
19    <uses-feature android:glEsVersion="0x00030000" />
19-->[:unityLibrary] AndroidManifest.xml:12:5-54
19-->[:unityLibrary] AndroidManifest.xml:12:19-51
20    <uses-feature
20-->[:unityLibrary] AndroidManifest.xml:13:5-15:36
21        android:name="android.hardware.vulkan.version"
21-->[:unityLibrary] AndroidManifest.xml:14:9-55
22        android:required="false" />
22-->[:unityLibrary] AndroidManifest.xml:15:9-33
23
24    <uses-permission android:name="android.permission.INTERNET" />
24-->[:unityLibrary] AndroidManifest.xml:17:5-67
24-->[:unityLibrary] AndroidManifest.xml:17:22-64
25
26    <uses-feature
26-->[:unityLibrary] AndroidManifest.xml:19:5-21:36
27        android:name="android.hardware.touchscreen"
27-->[:unityLibrary] AndroidManifest.xml:20:9-52
28        android:required="false" />
28-->[:unityLibrary] AndroidManifest.xml:21:9-33
29    <uses-feature
29-->[:unityLibrary] AndroidManifest.xml:22:5-24:36
30        android:name="android.hardware.touchscreen.multitouch"
30-->[:unityLibrary] AndroidManifest.xml:23:9-63
31        android:required="false" />
31-->[:unityLibrary] AndroidManifest.xml:24:9-33
32    <uses-feature
32-->[:unityLibrary] AndroidManifest.xml:25:5-27:36
33        android:name="android.hardware.touchscreen.multitouch.distinct"
33-->[:unityLibrary] AndroidManifest.xml:26:9-72
34        android:required="false" />
34-->[:unityLibrary] AndroidManifest.xml:27:9-33
35
36    <queries>
36-->[:NativeShare:] AndroidManifest.xml:13:2-22:12
37        <intent>
37-->[:NativeShare:] AndroidManifest.xml:14:3-17:12
38            <action android:name="android.intent.action.SEND" />
38-->[:NativeShare:] AndroidManifest.xml:15:4-56
38-->[:NativeShare:] AndroidManifest.xml:15:12-53
39
40            <data android:mimeType="*/*" />
40-->[:NativeShare:] AndroidManifest.xml:16:4-35
40-->[:NativeShare:] AndroidManifest.xml:16:10-32
41        </intent>
42        <intent>
42-->[:NativeShare:] AndroidManifest.xml:14:3-17:12
43            <action android:name="android.intent.action.SEND_MULTIPLE" />
44
45            <data android:mimeType="*/*" />
45-->[:NativeShare:] AndroidManifest.xml:16:4-35
45-->[:NativeShare:] AndroidManifest.xml:16:10-32
46        </intent>
47    </queries>
48
49    <application
49-->src\main\AndroidManifest.xml:4:3-83
50        android:debuggable="true"
51        android:extractNativeLibs="true"
51-->[:unityLibrary] AndroidManifest.xml:29:18-50
52        android:icon="@mipmap/app_icon"
52-->src\main\AndroidManifest.xml:4:49-80
53        android:label="@string/app_name" >
53-->src\main\AndroidManifest.xml:4:16-48
54        <activity
54-->[:unityLibrary] AndroidManifest.xml:30:9-50:20
55            android:name="com.unity3d.player.UnityPlayerActivity"
55-->[:unityLibrary] AndroidManifest.xml:31:13-66
56            android:configChanges="mcc|mnc|locale|touchscreen|keyboard|keyboardHidden|navigation|orientation|screenLayout|uiMode|screenSize|smallestScreenSize|fontScale|layoutDirection|density"
56-->[:unityLibrary] AndroidManifest.xml:32:13-194
57            android:hardwareAccelerated="false"
57-->[:unityLibrary] AndroidManifest.xml:33:13-48
58            android:launchMode="singleTask"
58-->[:unityLibrary] AndroidManifest.xml:34:13-44
59            android:resizeableActivity="false"
59-->[:unityLibrary] AndroidManifest.xml:35:13-47
60            android:screenOrientation="portrait"
60-->[:unityLibrary] AndroidManifest.xml:36:13-49
61            android:theme="@style/UnityThemeSelector" >
61-->[:unityLibrary] AndroidManifest.xml:37:13-54
62            <intent-filter>
62-->[:unityLibrary] AndroidManifest.xml:38:13-42:29
63                <action android:name="android.intent.action.MAIN" />
63-->[:unityLibrary] AndroidManifest.xml:39:17-69
63-->[:unityLibrary] AndroidManifest.xml:39:25-66
64
65                <category android:name="android.intent.category.LAUNCHER" />
65-->[:unityLibrary] AndroidManifest.xml:41:17-77
65-->[:unityLibrary] AndroidManifest.xml:41:27-74
66            </intent-filter>
67
68            <meta-data
68-->[:unityLibrary] AndroidManifest.xml:44:13-46:40
69                android:name="unityplayer.UnityActivity"
69-->[:unityLibrary] AndroidManifest.xml:45:17-57
70                android:value="true" />
70-->[:unityLibrary] AndroidManifest.xml:46:17-37
71            <meta-data
71-->[:unityLibrary] AndroidManifest.xml:47:13-49:40
72                android:name="android.notch_support"
72-->[:unityLibrary] AndroidManifest.xml:48:17-53
73                android:value="true" />
73-->[:unityLibrary] AndroidManifest.xml:49:17-37
74        </activity>
75
76        <meta-data
76-->[:unityLibrary] AndroidManifest.xml:52:9-54:33
77            android:name="unity.splash-mode"
77-->[:unityLibrary] AndroidManifest.xml:53:13-45
78            android:value="0" />
78-->[:unityLibrary] AndroidManifest.xml:54:13-30
79        <meta-data
79-->[:unityLibrary] AndroidManifest.xml:55:9-57:36
80            android:name="unity.splash-enable"
80-->[:unityLibrary] AndroidManifest.xml:56:13-47
81            android:value="True" />
81-->[:unityLibrary] AndroidManifest.xml:57:13-33
82        <meta-data
82-->[:unityLibrary] AndroidManifest.xml:58:9-60:36
83            android:name="unity.launch-fullscreen"
83-->[:unityLibrary] AndroidManifest.xml:59:13-51
84            android:value="True" />
84-->[:unityLibrary] AndroidManifest.xml:60:13-33
85        <meta-data
85-->[:unityLibrary] AndroidManifest.xml:61:9-63:37
86            android:name="unity.allow-resizable-window"
86-->[:unityLibrary] AndroidManifest.xml:62:13-56
87            android:value="False" />
87-->[:unityLibrary] AndroidManifest.xml:63:13-34
88        <meta-data
88-->[:unityLibrary] AndroidManifest.xml:64:9-66:50
89            android:name="notch.config"
89-->[:unityLibrary] AndroidManifest.xml:65:13-40
90            android:value="portrait|landscape" />
90-->[:unityLibrary] AndroidManifest.xml:66:13-47
91
92        <activity
92-->[:NativeShare:] AndroidManifest.xml:4:3-145
93            android:name="com.yasirkula.unity.NativeShareCustomShareDialogActivity"
93-->[:NativeShare:] AndroidManifest.xml:4:13-65
94            android:exported="false"
94-->[:NativeShare:] AndroidManifest.xml:4:118-142
95            android:theme="@style/Theme.NativeShareTransparent" />
95-->[:NativeShare:] AndroidManifest.xml:4:66-117
96
97        <receiver
97-->[:NativeShare:] AndroidManifest.xml:5:3-85
98            android:name="com.yasirkula.unity.NativeShareBroadcastListener"
98-->[:NativeShare:] AndroidManifest.xml:5:13-57
99            android:exported="false" />
99-->[:NativeShare:] AndroidManifest.xml:5:58-82
100
101        <provider
101-->[:NativeShare:] AndroidManifest.xml:6:3-10:42
102            android:name="com.yasirkula.unity.NativeShareContentProvider"
102-->[:NativeShare:] AndroidManifest.xml:7:5-66
103            android:authorities="com.DefaultCompany.PrintingSample.NativeShareContentProvider"
103-->[:NativeShare:] AndroidManifest.xml:8:5-70
104            android:exported="false"
104-->[:NativeShare:] AndroidManifest.xml:9:5-29
105            android:grantUriPermissions="true" />
105-->[:NativeShare:] AndroidManifest.xml:10:5-39
106    </application>
107
108</manifest>